app/build/outputs/logs/manifest-merger-debug-report.txt
-- Merging decision tree log ---
manifest
ADDED from src\main\AndroidManifest.xml:2:1-383:12
	package
		ADDED from src\main\AndroidManifest.xml:3:5-34
		INJECTED from src\main\AndroidManifest.xml
		INJECTED from src\main\AndroidManifest.xml
	android:versionName
		ADDED from src\main\AndroidManifest.xml:5:5-34
		INJECTED from src\main\AndroidManifest.xml
		INJECTED from src\main\AndroidManifest.xml
	android:versionCode
		ADDED from src\main\AndroidManifest.xml:4:5-28
		INJECTED from src\main\AndroidManifest.xml
		INJECTED from src\main\AndroidManifest.xml
	xmlns:android
		ADDED from src\main\AndroidManifest.xml:2:11-69
uses-sdk
ADDED from src\main\AndroidManifest.xml:7:5-9:41
MERGED from [studio:lib-pull-refresh:unspecified] AndroidManifest.xml:7:5-9:41
MERGED from [studio:lib-sliding-menu:unspecified] AndroidManifest.xml:7:5-9:41
MERGED from [com.android.support:support-v4:23.1.1] AndroidManifest.xml:20:5-43
MERGED from [io.reactivex:rxandroid:1.0.1] AndroidManifest.xml:19:5-43
MERGED from [com.android.support:support-v4:23.1.1] AndroidManifest.xml:20:5-43
	android:targetSdkVersion
		ADDED from src\main\AndroidManifest.xml:9:9-38
		INJECTED from src\main\AndroidManifest.xml
		INJECTED from src\main\AndroidManifest.xml
	android:minSdkVersion
		ADDED from src\main\AndroidManifest.xml:8:9-35
		INJECTED from src\main\AndroidManifest.xml
		INJECTED from src\main\AndroidManifest.xml
supports-screens
ADDED from src\main\AndroidManifest.xml:11:5-16:40
	android:largeScreens
		ADDED from src\main\AndroidManifest.xml:13:9-36
	android:smallScreens
		ADDED from src\main\AndroidManifest.xml:15:9-36
	android:normalScreens
		ADDED from src\main\AndroidManifest.xml:14:9-37
	android:xlargeScreens
		ADDED from src\main\AndroidManifest.xml:16:9-37
	android:anyDensity
		ADDED from src\main\AndroidManifest.xml:12:9-34
application
ADDED from src\main\AndroidManifest.xml:18:5-295:19
MERGED from [studio:lib-pull-refresh:unspecified] AndroidManifest.xml:11:5-20
MERGED from [com.android.support:support-v4:23.1.1] AndroidManifest.xml:22:5-20
MERGED from [com.android.support:support-v4:23.1.1] AndroidManifest.xml:22:5-20
	android:label
		ADDED from src\main\AndroidManifest.xml:22:9-41
	android:allowBackup
		ADDED from src\main\AndroidManifest.xml:20:9-35
	android:icon
		ADDED from src\main\AndroidManifest.xml:21:9-38
	android:theme
		ADDED from src\main\AndroidManifest.xml:23:9-40
	android:name
		ADDED from src\main\AndroidManifest.xml:19:9-69
service#cn.com.ubankers.www.utils.ReceiveMsgService
ADDED from src\main\AndroidManifest.xml:24:9-25:19
	android:name
		ADDED from src\main\AndroidManifest.xml:24:18-76
activity#cn.com.ubankers.www.authentication.controller.activity.WelcomeActivity
ADDED from src\main\AndroidManifest.xml:27:9-42:20
	android:screenOrientation
		ADDED from src\main\AndroidManifest.xml:29:13-49
	android:name
		ADDED from src\main\AndroidManifest.xml:28:13-98
intent-filter#android.intent.action.MAIN+android.intent.category.DEFAULT+android.intent.category.LAUNCHER
ADDED from src\main\AndroidManifest.xml:30:13-35:29
action#android.intent.action.MAIN
ADDED from src\main\AndroidManifest.xml:31:17-69
	android:name
		ADDED from src\main\AndroidManifest.xml:31:25-66
category#android.intent.category.DEFAULT
ADDED from src\main\AndroidManifest.xml:33:17-76
	android:name
		ADDED from src\main\AndroidManifest.xml:33:27-73
category#android.intent.category.LAUNCHER
ADDED from src\main\AndroidManifest.xml:34:17-77
	android:name
		ADDED from src\main\AndroidManifest.xml:34:27-74
intent-filter#android.intent.action.VIEW+android.intent.category.BROWSABLE+android.intent.category.DEFAULT
ADDED from src\main\AndroidManifest.xml:36:13-41:29
action#android.intent.action.VIEW
ADDED from src\main\AndroidManifest.xml:37:17-68
	android:name
		ADDED from src\main\AndroidManifest.xml:37:25-66
category#android.intent.category.BROWSABLE
ADDED from src\main\AndroidManifest.xml:39:17-77
	android:name
		ADDED from src\main\AndroidManifest.xml:39:27-75
data
ADDED from src\main\AndroidManifest.xml:40:17-100
	android:host
		ADDED from src\main\AndroidManifest.xml:40:46-67
	android:scheme
		ADDED from src\main\AndroidManifest.xml:40:23-45
	android:pathPrefix
		ADDED from src\main\AndroidManifest.xml:40:68-98
activity#cn.com.ubankers.www.authentication.controller.activity.AgreementActivity
ADDED from src\main\AndroidManifest.xml:44:9-47:20
	android:screenOrientation
		ADDED from src\main\AndroidManifest.xml:46:13-49
	android:name
		ADDED from src\main\AndroidManifest.xml:45:13-100
activity#cn.com.ubankers.www.authentication.controller.activity.SupplinfoActivity
ADDED from src\main\AndroidManifest.xml:48:9-51:20
	android:screenOrientation
		ADDED from src\main\AndroidManifest.xml:50:13-49
	android:name
		ADDED from src\main\AndroidManifest.xml:49:13-100
activity#cn.com.ubankers.www.product.controller.activity.AdPositionIdDetailsActivity
ADDED from src\main\AndroidManifest.xml:52:10-55:20
	android:screenOrientation
		ADDED from src\main\AndroidManifest.xml:54:13-49
	android:name
		ADDED from src\main\AndroidManifest.xml:53:13-103
activity#cn.com.ubankers.www.authentication.controller.activity.MainActivity
ADDED from src\main\AndroidManifest.xml:56:9-59:20
	android:screenOrientation
		ADDED from src\main\AndroidManifest.xml:58:13-49
	android:name
		ADDED from src\main\AndroidManifest.xml:57:13-95
activity#cn.com.ubankers.www.authentication.controller.activity.BindActivity
ADDED from src\main\AndroidManifest.xml:60:9-63:20
	android:screenOrientation
		ADDED from src\main\AndroidManifest.xml:62:13-49
	android:name
		ADDED from src\main\AndroidManifest.xml:61:13-95
activity#cn.com.ubankers.www.authentication.controller.activity.ChooseRoleActivity
ADDED from src\main\AndroidManifest.xml:64:9-67:20
	android:screenOrientation
		ADDED from src\main\AndroidManifest.xml:66:13-49
	android:name
		ADDED from src\main\AndroidManifest.xml:65:13-101
activity#cn.com.ubankers.www.authentication.controller.activity.LoginActivity
ADDED from src\main\AndroidManifest.xml:68:10-71:20
	android:screenOrientation
		ADDED from src\main\AndroidManifest.xml:70:13-49
	android:name
		ADDED from src\main\AndroidManifest.xml:69:13-96
activity#cn.com.ubankers.www.authentication.controller.activity.RegisterActivity
ADDED from src\main\AndroidManifest.xml:72:10-75:20
	android:screenOrientation
		ADDED from src\main\AndroidManifest.xml:74:13-49
	android:name
		ADDED from src\main\AndroidManifest.xml:73:13-99
activity#cn.com.ubankers.www.product.controller.activity.ProductActivity
ADDED from src\main\AndroidManifest.xml:77:9-80:20
	android:screenOrientation
		ADDED from src\main\AndroidManifest.xml:79:13-49
	android:name
		ADDED from src\main\AndroidManifest.xml:78:13-91
activity#cn.com.ubankers.www.product.controller.activity.FamilyFortuneActivity
ADDED from src\main\AndroidManifest.xml:81:9-84:20
	android:screenOrientation
		ADDED from src\main\AndroidManifest.xml:83:13-49
	android:name
		ADDED from src\main\AndroidManifest.xml:82:13-97
activity#cn.com.ubankers.www.product.controller.activity.RegisterIntervorActivity
ADDED from src\main\AndroidManifest.xml:86:9-89:20
	android:screenOrientation
		ADDED from src\main\AndroidManifest.xml:88:13-49
	android:name
		ADDED from src\main\AndroidManifest.xml:87:13-100
activity#com.ubankers.app.product.detail.ProductDetailActivity
ADDED from src\main\AndroidManifest.xml:90:10-93:20
	android:screenOrientation
		ADDED from src\main\AndroidManifest.xml:92:13-49
	android:name
		ADDED from src\main\AndroidManifest.xml:91:13-81
activity#cn.com.ubankers.www.sns.controller.activity.CommentActivity
ADDED from src\main\AndroidManifest.xml:95:9-98:20
	android:screenOrientation
		ADDED from src\main\AndroidManifest.xml:97:13-49
	android:name
		ADDED from src\main\AndroidManifest.xml:96:13-87
activity#cn.com.ubankers.www.sns.controller.activity.SnsArticleActivity
ADDED from src\main\AndroidManifest.xml:99:9-102:20
	android:screenOrientation
		ADDED from src\main\AndroidManifest.xml:101:13-49
	android:name
		ADDED from src\main\AndroidManifest.xml:100:13-90
activity#cn.com.ubankers.www.sns.controller.activity.SnsActivity
ADDED from src\main\AndroidManifest.xml:103:9-107:20
	android:screenOrientation
		ADDED from src\main\AndroidManifest.xml:106:13-49
	android:theme
		ADDED from src\main\AndroidManifest.xml:105:13-71
	android:name
		ADDED from src\main\AndroidManifest.xml:104:13-83
activity#cn.com.ubankers.www.sns.controller.activity.CollectionsActivity
ADDED from src\main\AndroidManifest.xml:108:9-111:20
	android:screenOrientation
		ADDED from src\main\AndroidManifest.xml:110:13-49
	android:name
		ADDED from src\main\AndroidManifest.xml:109:13-91
activity#cn.com.ubankers.www.knowledge.controller.activity.KnowLedgeActivity
ADDED from src\main\AndroidManifest.xml:113:10-116:20
	android:screenOrientation
		ADDED from src\main\AndroidManifest.xml:115:13-49
	android:name
		ADDED from src\main\AndroidManifest.xml:114:13-95
activity#cn.com.ubankers.www.user.controller.activity.AboutOursActivity
ADDED from src\main\AndroidManifest.xml:118:8-121:20
	android:screenOrientation
		ADDED from src\main\AndroidManifest.xml:120:13-49
	android:name
		ADDED from src\main\AndroidManifest.xml:119:13-90
activity#cn.com.ubankers.www.user.controller.activity.AccountActivity
ADDED from src\main\AndroidManifest.xml:122:11-125:20
	android:screenOrientation
		ADDED from src\main\AndroidManifest.xml:124:13-49
	android:name
		ADDED from src\main\AndroidManifest.xml:123:13-88
activity#cn.com.ubankers.www.user.controller.activity.BankCardActivity
ADDED from src\main\AndroidManifest.xml:126:10-129:20
	android:screenOrientation
		ADDED from src\main\AndroidManifest.xml:128:13-49
	android:name
		ADDED from src\main\AndroidManifest.xml:127:13-89
activity#cn.com.ubankers.www.user.controller.activity.BusinessCardActivity
ADDED from src\main\AndroidManifest.xml:130:11-133:20
	android:screenOrientation
		ADDED from src\main\AndroidManifest.xml:132:13-49
	android:name
		ADDED from src\main\AndroidManifest.xml:131:13-93
activity#cn.com.ubankers.www.user.controller.activity.CfmpManagerAcyivity
ADDED from src\main\AndroidManifest.xml:134:10-137:20
	android:screenOrientation
		ADDED from src\main\AndroidManifest.xml:136:13-49
	android:name
		ADDED from src\main\AndroidManifest.xml:135:13-92
activity#cn.com.ubankers.www.user.controller.activity.CfmpRecommendPtsActivity
ADDED from src\main\AndroidManifest.xml:138:9-141:20
	android:screenOrientation
		ADDED from src\main\AndroidManifest.xml:140:13-49
	android:name
		ADDED from src\main\AndroidManifest.xml:139:13-97
activity#cn.com.ubankers.www.user.controller.activity.CfmpRecommerActivity
ADDED from src\main\AndroidManifest.xml:142:9-145:20
	android:screenOrientation
		ADDED from src\main\AndroidManifest.xml:144:13-49
	android:name
		ADDED from src\main\AndroidManifest.xml:143:13-93
activity#cn.com.ubankers.www.user.controller.activity.CfmpStateAcyivity
ADDED from src\main\AndroidManifest.xml:146:7-149:20
	android:screenOrientation
		ADDED from src\main\AndroidManifest.xml:148:13-49
	android:name
		ADDED from src\main\AndroidManifest.xml:147:13-90
activity#cn.com.ubankers.www.user.controller.activity.CustomerActivity
ADDED from src\main\AndroidManifest.xml:150:12-153:20
	android:screenOrientation
		ADDED from src\main\AndroidManifest.xml:152:13-49
	android:name
		ADDED from src\main\AndroidManifest.xml:151:13-89
activity#cn.com.ubankers.www.user.controller.activity.CustomerDetailActivity
ADDED from src\main\AndroidManifest.xml:154:9-157:20
	android:screenOrientation
		ADDED from src\main\AndroidManifest.xml:156:13-49
	android:name
		ADDED from src\main\AndroidManifest.xml:155:13-95
activity#cn.com.ubankers.www.user.controller.activity.EmailActivity
ADDED from src\main\AndroidManifest.xml:158:10-161:20
	android:screenOrientation
		ADDED from src\main\AndroidManifest.xml:160:13-49
	android:name
		ADDED from src\main\AndroidManifest.xml:159:13-86
activity#cn.com.ubankers.www.user.controller.activity.FundsManageActivity
ADDED from src\main\AndroidManifest.xml:162:10-165:20
	android:screenOrientation
		ADDED from src\main\AndroidManifest.xml:164:13-49
	android:name
		ADDED from src\main\AndroidManifest.xml:163:13-92
activity#cn.com.ubankers.www.user.controller.activity.IdCardActivity
ADDED from src\main\AndroidManifest.xml:166:11-169:20
	android:screenOrientation
		ADDED from src\main\AndroidManifest.xml:168:13-49
	android:name
		ADDED from src\main\AndroidManifest.xml:167:13-87
activity#cn.com.ubankers.www.user.controller.activity.InverstorToCfmpActivity
ADDED from src\main\AndroidManifest.xml:170:9-173:20
	android:screenOrientation
		ADDED from src\main\AndroidManifest.xml:172:13-49
	android:name
		ADDED from src\main\AndroidManifest.xml:171:13-96
activity#cn.com.ubankers.www.user.controller.activity.InvestmentRecordActivity
ADDED from src\main\AndroidManifest.xml:174:9-177:20
	android:screenOrientation
		ADDED from src\main\AndroidManifest.xml:176:13-49
	android:name
		ADDED from src\main\AndroidManifest.xml:175:13-97
activity#cn.com.ubankers.www.user.controller.activity.InvestorOrderActivity
ADDED from src\main\AndroidManifest.xml:178:9-181:20
	android:screenOrientation
		ADDED from src\main\AndroidManifest.xml:180:13-49
	android:name
		ADDED from src\main\AndroidManifest.xml:179:13-94
activity#cn.com.ubankers.www.user.controller.activity.LoginResetPsdActivity
ADDED from src\main\AndroidManifest.xml:182:9-185:20
	android:screenOrientation
		ADDED from src\main\AndroidManifest.xml:184:13-49
	android:name
		ADDED from src\main\AndroidManifest.xml:183:13-94
activity#cn.com.ubankers.www.user.controller.activity.OrderManagementActivity
ADDED from src\main\AndroidManifest.xml:186:13-189:20
	android:screenOrientation
		ADDED from src\main\AndroidManifest.xml:188:13-49
	android:name
		ADDED from src\main\AndroidManifest.xml:187:13-96
activity#cn.com.ubankers.www.user.controller.activity.ReserverDetailsActivity
ADDED from src\main\AndroidManifest.xml:190:9-193:20
	android:screenOrientation
		ADDED from src\main\AndroidManifest.xml:192:13-49
	android:name
		ADDED from src\main\AndroidManifest.xml:191:13-96
activity#cn.com.ubankers.www.user.controller.activity.SafetyCenterActivity
ADDED from src\main\AndroidManifest.xml:194:9-197:20
	android:screenOrientation
		ADDED from src\main\AndroidManifest.xml:196:13-49
	android:name
		ADDED from src\main\AndroidManifest.xml:195:13-93
activity#cn.com.ubankers.www.user.controller.activity.SettingActivity
ADDED from src\main\AndroidManifest.xml:198:9-201:20
	android:screenOrientation
		ADDED from src\main\AndroidManifest.xml:200:13-49
	android:name
		ADDED from src\main\AndroidManifest.xml:199:13-88
activity#cn.com.ubankers.www.user.controller.activity.SettingModifyPsdActivity
ADDED from src\main\AndroidManifest.xml:202:9-205:20
	android:screenOrientation
		ADDED from src\main\AndroidManifest.xml:204:13-49
	android:name
		ADDED from src\main\AndroidManifest.xml:203:13-97
activity#cn.com.ubankers.www.user.controller.activity.UserCenterActivity
ADDED from src\main\AndroidManifest.xml:206:9-210:20
	android:screenOrientation
		ADDED from src\main\AndroidManifest.xml:209:13-49
	android:theme
		ADDED from src\main\AndroidManifest.xml:208:13-71
	android:name
		ADDED from src\main\AndroidManifest.xml:207:13-91
activity#cn.com.ubankers.www.user.controller.activity.VerifyCodeActivity
ADDED from src\main\AndroidManifest.xml:211:9-214:20
	android:screenOrientation
		ADDED from src\main\AndroidManifest.xml:213:13-49
	android:name
		ADDED from src\main\AndroidManifest.xml:212:13-91
activity#cn.com.ubankers.www.user.controller.activity.WealthCenterActivity
ADDED from src\main\AndroidManifest.xml:215:9-218:20
	android:screenOrientation
		ADDED from src\main\AndroidManifest.xml:217:13-49
	android:name
		ADDED from src\main\AndroidManifest.xml:216:13-93
activity#cn.com.ubankers.www.user.controller.activity.MemberWealthCenterActivity
ADDED from src\main\AndroidManifest.xml:219:9-222:20
	android:screenOrientation
		ADDED from src\main\AndroidManifest.xml:221:13-49
	android:name
		ADDED from src\main\AndroidManifest.xml:220:13-99
activity#cn.com.ubankers.www.user.controller.activity.WealthMattersActivity
ADDED from src\main\AndroidManifest.xml:223:10-226:20
	android:screenOrientation
		ADDED from src\main\AndroidManifest.xml:225:13-49
	android:name
		ADDED from src\main\AndroidManifest.xml:224:13-94
activity#cn.com.ubankers.www.user.controller.activity.ChargeActivity
ADDED from src\main\AndroidManifest.xml:228:10-231:20
	android:screenOrientation
		ADDED from src\main\AndroidManifest.xml:230:13-49
	android:name
		ADDED from src\main\AndroidManifest.xml:229:13-87
activity#cn.com.ubankers.www.user.controller.activity.WithdrawActivity
ADDED from src\main\AndroidManifest.xml:233:11-236:20
	android:screenOrientation
		ADDED from src\main\AndroidManifest.xml:235:13-49
	android:name
		ADDED from src\main\AndroidManifest.xml:234:13-89
activity#cn.com.ubankers.www.user.controller.activity.Touch
ADDED from src\main\AndroidManifest.xml:237:13-240:20
	android:screenOrientation
		ADDED from src\main\AndroidManifest.xml:239:13-49
	android:name
		ADDED from src\main\AndroidManifest.xml:238:13-78
activity#cn.com.ubankers.www.user.controller.activity.BuyRecordActivity
ADDED from src\main\AndroidManifest.xml:241:11-244:20
	android:screenOrientation
		ADDED from src\main\AndroidManifest.xml:243:13-49
	android:name
		ADDED from src\main\AndroidManifest.xml:242:13-90
activity#cn.com.ubankers.www.user.controller.activity.WealthStudioActivity
ADDED from src\main\AndroidManifest.xml:245:9-248:20
	android:screenOrientation
		ADDED from src\main\AndroidManifest.xml:247:13-49
	android:name
		ADDED from src\main\AndroidManifest.xml:246:13-93
activity#cn.com.ubankers.www.user.controller.activity.MemberWealthStudioActivity
ADDED from src\main\AndroidManifest.xml:249:9-252:20
	android:screenOrientation
		ADDED from src\main\AndroidManifest.xml:251:13-49
	android:name
		ADDED from src\main\AndroidManifest.xml:250:13-99
activity#cn.com.ubankers.www.user.controller.activity.WealthspaceInvitationActivity
ADDED from src\main\AndroidManifest.xml:253:4-256:20
	android:screenOrientation
		ADDED from src\main\AndroidManifest.xml:255:13-49
	android:name
		ADDED from src\main\AndroidManifest.xml:254:13-102
activity#cn.com.ubankers.www.user.controller.activity.myDialogActiviy
ADDED from src\main\AndroidManifest.xml:257:10-260:20
	android:screenOrientation
		ADDED from src\main\AndroidManifest.xml:259:13-49
	android:name
		ADDED from src\main\AndroidManifest.xml:258:13-88
activity#cn.com.ubankers.www.user.controller.activity.ClipPictureaActivity
ADDED from src\main\AndroidManifest.xml:261:10-264:20
	android:screenOrientation
		ADDED from src\main\AndroidManifest.xml:263:13-49
	android:name
		ADDED from src\main\AndroidManifest.xml:262:13-93
activity#cn.com.ubankers.www.user.controller.activity.WorkspaceMemberActivity
ADDED from src\main\AndroidManifest.xml:266:10-269:20
	android:screenOrientation
		ADDED from src\main\AndroidManifest.xml:268:13-49
	android:name
		ADDED from src\main\AndroidManifest.xml:267:13-96
activity#cn.com.ubankers.www.user.controller.activity.MemberSpaceActivity
ADDED from src\main\AndroidManifest.xml:270:10-273:20
	android:screenOrientation
		ADDED from src\main\AndroidManifest.xml:272:13-49
	android:name
		ADDED from src\main\AndroidManifest.xml:271:13-92
activity#com.mob.tools.MobUIShell
ADDED from src\main\AndroidManifest.xml:275:9-280:20
	android:windowSoftInputMode
		ADDED from src\main\AndroidManifest.xml:279:13-67
	android:configChanges
		ADDED from src\main\AndroidManifest.xml:277:13-74
	android:theme
		ADDED from src\main\AndroidManifest.xml:278:13-72
	android:name
		ADDED from src\main\AndroidManifest.xml:276:13-52
activity#cn.com.ubankers.www.wxapi.WXEntryActivity
ADDED from src\main\AndroidManifest.xml:282:9-287:20
	android:exported
		ADDED from src\main\AndroidManifest.xml:285:13-36
	android:configChanges
		ADDED from src\main\AndroidManifest.xml:284:13-74
	android:theme
		ADDED from src\main\AndroidManifest.xml:286:13-72
	android:name
		ADDED from src\main\AndroidManifest.xml:283:13-69
receiver#cn.com.ubankers.www.utils.NetReceiver
ADDED from src\main\AndroidManifest.xml:288:9-294:20
	android:enabled
		ADDED from src\main\AndroidManifest.xml:290:13-35
	android:name
		ADDED from src\main\AndroidManifest.xml:289:13-65
intent-filter#android.net.conn.CONNECTIVITY_CHANGE
ADDED from src\main\AndroidManifest.xml:291:13-293:29
action#android.net.conn.CONNECTIVITY_CHANGE
ADDED from src\main\AndroidManifest.xml:292:17-79
	android:name
		ADDED from src\main\AndroidManifest.xml:292:25-76
uses-permission#android.permission.ACCESS_LOCATION_EXTRA_COMMANDS
ADDED from src\main\AndroidManifest.xml:297:5-89
	android:name
		ADDED from src\main\AndroidManifest.xml:297:22-86
uses-permission#android.permission.CHANGE_NETWORK_STATE
ADDED from src\main\AndroidManifest.xml:298:5-79
	android:name
		ADDED from src\main\AndroidManifest.xml:298:22-76
uses-permission#android.permission.GET_ACCOUNTS
ADDED from src\main\AndroidManifest.xml:299:5-71
	android:name
		ADDED from src\main\AndroidManifest.xml:299:22-68
uses-permission#android.permission.USE_CREDENTIALS
ADDED from src\main\AndroidManifest.xml:300:5-74
	android:name
		ADDED from src\main\AndroidManifest.xml:300:22-71
uses-permission#android.permission.MANAGE_ACCOUNTS
ADDED from src\main\AndroidManifest.xml:301:5-74
	android:name
		ADDED from src\main\AndroidManifest.xml:301:22-71
uses-permission#android.permission.AUTHENTICATE_ACCOUNTS
ADDED from src\main\AndroidManifest.xml:302:5-80
	android:name
		ADDED from src\main\AndroidManifest.xml:302:22-77
uses-permission#com.android.launcher.permission.READ_SETTINGS
ADDED from src\main\AndroidManifest.xml:303:5-85
	android:name
		ADDED from src\main\AndroidManifest.xml:303:22-82
uses-permission#android.permission.BROADCAST_STICKY
ADDED from src\main\AndroidManifest.xml:304:5-75
	android:name
		ADDED from src\main\AndroidManifest.xml:304:22-72
uses-permission#android.permission.WRITE_SETTINGS
ADDED from src\main\AndroidManifest.xml:305:5-73
	android:name
		ADDED from src\main\AndroidManifest.xml:305:22-70
uses-permission#android.permission.ACCESS_COARSE_LOCATION
ADDED from src\main\AndroidManifest.xml:308:5-309:23
	android:name
		ADDED from src\main\AndroidManifest.xml:308:22-78
uses-permission#android.permission.ACCESS_FINE_LOCATION
ADDED from src\main\AndroidManifest.xml:311:5-312:23
	android:name
		ADDED from src\main\AndroidManifest.xml:311:22-76
uses-permission#android.permission.ACCESS_WIFI_STATE
ADDED from src\main\AndroidManifest.xml:314:5-315:23
	android:name
		ADDED from src\main\AndroidManifest.xml:314:22-73
uses-permission#android.permission.ACCESS_NETWORK_STATE
ADDED from src\main\AndroidManifest.xml:317:5-318:23
	android:name
		ADDED from src\main\AndroidManifest.xml:317:22-76
uses-permission#android.permission.CHANGE_WIFI_STATE
ADDED from src\main\AndroidManifest.xml:320:5-321:23
	android:name
		ADDED from src\main\AndroidManifest.xml:320:22-73
uses-permission#android.permission.READ_PHONE_STATE
ADDED from src\main\AndroidManifest.xml:323:5-324:23
	android:name
		ADDED from src\main\AndroidManifest.xml:323:22-72
uses-permission#android.permission.WRITE_EXTERNAL_STORAGE
ADDED from src\main\AndroidManifest.xml:326:5-327:23
	android:name
		ADDED from src\main\AndroidManifest.xml:326:22-78
uses-permission#android.permission.WRITE_APN_SETTINGS
ADDED from src\main\AndroidManifest.xml:329:5-76
	android:name
		ADDED from src\main\AndroidManifest.xml:329:22-74
uses-permission#android.permission.INTERNET
ADDED from src\main\AndroidManifest.xml:331:5-67
	android:name
		ADDED from src\main\AndroidManifest.xml:331:22-64
uses-permission#android.permission.MOUNT_UNMOUNT_FILESYSTEMS
ADDED from src\main\AndroidManifest.xml:333:5-334:23
	android:name
		ADDED from src\main\AndroidManifest.xml:333:22-81
uses-permission#android.permission.READ_LOGS
ADDED from src\main\AndroidManifest.xml:336:5-337:23
	android:name
		ADDED from src\main\AndroidManifest.xml:336:22-65
uses-permission#android.permission.CALL_PHONE
ADDED from src\main\AndroidManifest.xml:339:5-340:23
	android:name
		ADDED from src\main\AndroidManifest.xml:339:22-66
uses-permission#android.permission.VIBRATE
ADDED from src\main\AndroidManifest.xml:341:5-66
	android:name
		ADDED from src\main\AndroidManifest.xml:341:22-63
uses-permission#android.permission.CAMERA
ADDED from src\main\AndroidManifest.xml:342:5-65
	android:name
		ADDED from src\main\AndroidManifest.xml:342:22-62
uses-feature#android.hardware.camera
ADDED from src\main\AndroidManifest.xml:344:5-346:36
	android:required
		ADDED from src\main\AndroidManifest.xml:346:9-33
	android:name
		ADDED from src\main\AndroidManifest.xml:345:9-47
uses-feature#android.hardware.camera.autofocus
ADDED from src\main\AndroidManifest.xml:347:5-349:36
	android:required
		ADDED from src\main\AndroidManifest.xml:349:9-33
	android:name
		ADDED from src\main\AndroidManifest.xml:348:9-57
uses-permission#android.permission.GET_TASKS
ADDED from src\main\AndroidManifest.xml:351:5-68
	android:name
		ADDED from src\main\AndroidManifest.xml:351:22-65
uses-permission#android.permission.BLUETOOTH
ADDED from src\main\AndroidManifest.xml:361:5-68
	android:name
		ADDED from src\main\AndroidManifest.xml:361:22-65
uses-permission#android.permission.BLUETOOTH_ADMIN
ADDED from src\main\AndroidManifest.xml:362:5-74
	android:name
		ADDED from src\main\AndroidManifest.xml:362:22-71
uses-permission#android.permission.RECORD_AUDIO
ADDED from src\main\AndroidManifest.xml:368:5-71
	android:name
		ADDED from src\main\AndroidManifest.xml:368:22-68
uses-permission#android.permission.RECEIVE_SMS
ADDED from src\main\AndroidManifest.xml:377:5-69
	android:name
		ADDED from src\main\AndroidManifest.xml:377:22-67
uses-permission#android.permission.READ_SMS
ADDED from src\main\AndroidManifest.xml:378:5-66
	android:name
		ADDED from src\main\AndroidManifest.xml:378:22-64
uses-permission#android.permission.READ_CONTACTS
ADDED from src\main\AndroidManifest.xml:380:5-72
	android:name
		ADDED from src\main\AndroidManifest.xml:380:22-69